Performing C SOURCE FILE Test CMAKE_HAVE_LIBC_PTHREAD failed with the following output:
Change Dir: /home/admin/Limitless-no_gpu_monitoring/CMakeFiles/CMakeTmp

Run Build Command(s):/usr/bin/gmake cmTC_9e49d/fast && /usr/bin/gmake  -f CMakeFiles/cmTC_9e49d.dir/build.make CMakeFiles/cmTC_9e49d.dir/build
gmake[1]: se entra en el directorio '/home/admin/Limitless-no_gpu_monitoring/CMakeFiles/CMakeTmp'
Building C object CMakeFiles/cmTC_9e49d.dir/src.c.o
/usr/bin/cc   -DCMAKE_HAVE_LIBC_PTHREAD -o CMakeFiles/cmTC_9e49d.dir/src.c.o -c /home/admin/Limitless-no_gpu_monitoring/CMakeFiles/CMakeTmp/src.c
Linking C executable cmTC_9e49d
/usr/bin/cmake -E cmake_link_script CMakeFiles/cmTC_9e49d.dir/link.txt --verbose=1
/usr/bin/cc  -DCMAKE_HAVE_LIBC_PTHREAD -rdynamic CMakeFiles/cmTC_9e49d.dir/src.c.o -o cmTC_9e49d 
/usr/bin/ld: CMakeFiles/cmTC_9e49d.dir/src.c.o: en la función `main':
src.c:(.text+0x40): referencia a `pthread_create' sin definir
/usr/bin/ld: src.c:(.text+0x4c): referencia a `pthread_detach' sin definir
/usr/bin/ld: src.c:(.text+0x58): referencia a `pthread_cancel' sin definir
/usr/bin/ld: src.c:(.text+0x68): referencia a `pthread_join' sin definir
collect2: error: ld returned 1 exit status
gmake[1]: *** [CMakeFiles/cmTC_9e49d.dir/build.make:106: cmTC_9e49d] Error 1
gmake[1]: se sale del directorio '/home/admin/Limitless-no_gpu_monitoring/CMakeFiles/CMakeTmp'
gmake: *** [Makefile:140: cmTC_9e49d/fast] Error 2


Source file was:
#include <pthread.h>

void* test_func(void* data)
{
  return data;
}

int main(void)
{
  pthread_t thread;
  pthread_create(&thread, NULL, test_func, NULL);
  pthread_detach(thread);
  pthread_cancel(thread);
  pthread_join(thread, NULL);
  pthread_atfork(NULL, NULL, NULL);
  pthread_exit(NULL);

  return 0;
}

Determining if the function pthread_create exists in the pthreads failed with the following output:
Change Dir: /home/admin/Limitless-no_gpu_monitoring/CMakeFiles/CMakeTmp

Run Build Command(s):/usr/bin/gmake cmTC_78be8/fast && /usr/bin/gmake  -f CMakeFiles/cmTC_78be8.dir/build.make CMakeFiles/cmTC_78be8.dir/build
gmake[1]: se entra en el directorio '/home/admin/Limitless-no_gpu_monitoring/CMakeFiles/CMakeTmp'
Building C object CMakeFiles/cmTC_78be8.dir/CheckFunctionExists.c.o
/usr/bin/cc   -DCHECK_FUNCTION_EXISTS=pthread_create -o CMakeFiles/cmTC_78be8.dir/CheckFunctionExists.c.o -c /usr/share/cmake-3.18/Modules/CheckFunctionExists.c
Linking C executable cmTC_78be8
/usr/bin/cmake -E cmake_link_script CMakeFiles/cmTC_78be8.dir/link.txt --verbose=1
/usr/bin/cc  -DCHECK_FUNCTION_EXISTS=pthread_create -rdynamic CMakeFiles/cmTC_78be8.dir/CheckFunctionExists.c.o -o cmTC_78be8  -lpthreads 
/usr/bin/ld: no se puede encontrar -lpthreads
collect2: error: ld returned 1 exit status
gmake[1]: *** [CMakeFiles/cmTC_78be8.dir/build.make:106: cmTC_78be8] Error 1
gmake[1]: se sale del directorio '/home/admin/Limitless-no_gpu_monitoring/CMakeFiles/CMakeTmp'
gmake: *** [Makefile:140: cmTC_78be8/fast] Error 2



